<?xml version="1.0" encoding="UTF-8"?>
<!-- Generated by org.testng.reporters.JUnitReportReporter -->
<testsuite skipped="0" hostname="EPINHYDW0365" name="testcases.AmazonTest" tests="1" failures="0" timestamp="11 Jun 2018 12:36:47 GMT" time="33.226" errors="0">
  <testcase name="addingItemsToCart" time="33.226" classname="testcases.AmazonTest"/>
</testsuite> <!-- testcases.AmazonTest -->
